appV1/build/app/intermediates/manifest_merge_blame_file/debug/manifest-merger-blame-debug-report.txt
1<?xml version="1.0" encoding="utf-8"?>
2<manifest xmlns:android="http://schemas.android.com/apk/res/android"
3    package="com.wasay.where"
4    android:versionCode="1"
5    android:versionName="1.0.0" >
6
7    <uses-sdk
8        android:minSdkVersion="21"
9        android:targetSdkVersion="29" />
10    <!--
11         Flutter needs it to communicate with the running application
12         to allow setting breakpoints, to provide hot reload, etc.
13    -->
14    <uses-permission android:name="android.permission.INTERNET" />
14-->src\main\AndroidManifest.xml:11:5-67
14-->src\main\AndroidManifest.xml:11:22-64
15    <!--
16     io.flutter.app.FlutterApplication is an android.app.Application that
17         calls FlutterMain.startInitialization(this); in its onCreate method.
18         In most cases you can leave this as-is, but you if you want to provide
19         additional functionality it is fine to subclass or reimplement
20         FlutterApplication and put your custom class here.
21    -->
22    <uses-permission android:name="android.permission.BLUETOOTH" />
22-->src\main\AndroidManifest.xml:8:9-72
22-->src\main\AndroidManifest.xml:8:26-69
23    <uses-permission android:name="android.permission.BLUETOOTH_ADMIN" />
23-->src\main\AndroidManifest.xml:9:10-79
23-->src\main\AndroidManifest.xml:9:27-76
24    <uses-permission android:name="android.permission.ACCESS_FINE_LOCATION" />
24-->src\main\AndroidManifest.xml:10:5-79
24-->src\main\AndroidManifest.xml:10:22-76
25    <uses-permission android:name="android.permission.ACCESS_COARSE_LOCATION" />
25-->src\main\AndroidManifest.xml:12:5-81
25-->src\main\AndroidManifest.xml:12:22-78
26    <uses-permission android:name="android.permission.WRITE_EXTERNAL_STORAGE" />
26-->src\main\AndroidManifest.xml:13:5-80
26-->src\main\AndroidManifest.xml:13:22-78
27    <uses-permission android:name="android.permission.READ_EXTERNAL_STORAGE" />
27-->src\main\AndroidManifest.xml:14:5-79
27-->src\main\AndroidManifest.xml:14:22-77
28    <uses-permission android:name="android.permission.FOREGROUND_SERVICE" />
28-->src\main\AndroidManifest.xml:15:5-76
28-->src\main\AndroidManifest.xml:15:22-74
29    <uses-permission android:name="android.permission.CAMERA" />
29-->[:flutter_barcode_scanner] AndroidManifest.xml:9:5-65
29-->[:flutter_barcode_scanner] AndroidManifest.xml:9:22-62
30
31    <uses-feature android:name="android.hardware.camera" />
31-->[:flutter_barcode_scanner] AndroidManifest.xml:11:5-60
31-->[:flutter_barcode_scanner] AndroidManifest.xml:11:19-57
32
33    <uses-permission android:name="android.permission.FLASHLIGHT" /> <!-- Include required permissions for Google Maps API to run. -->
33-->[:flutter_barcode_scanner] AndroidManifest.xml:13:5-69
33-->[:flutter_barcode_scanner] AndroidManifest.xml:13:22-66
34    <uses-permission android:name="android.permission.ACCESS_NETWORK_STATE" />
34-->[com.google.android.gms:play-services-maps:17.0.0] AndroidManifest.xml:23:5-79
34-->[com.google.android.gms:play-services-maps:17.0.0] AndroidManifest.xml:23:22-76
35
36    <uses-feature
36-->[com.google.android.gms:play-services-maps:17.0.0] AndroidManifest.xml:26:5-28:35
37        android:glEsVersion="0x00020000"
37-->[com.google.android.gms:play-services-maps:17.0.0] AndroidManifest.xml:27:9-41
38        android:required="true" />
38-->[com.google.android.gms:play-services-maps:17.0.0] AndroidManifest.xml:28:9-32
39
40    <application
40-->src\main\AndroidManifest.xml:17:5-68:19
41        android:name="io.flutter.app.FlutterApplication"
41-->src\main\AndroidManifest.xml:20:9-57
42        android:appComponentFactory="androidx.core.app.CoreComponentFactory"
42-->[androidx.core:core:1.1.0] AndroidManifest.xml:24:18-86
43        android:debuggable="true"
44        android:icon="@mipmap/ic_launcher"
44-->src\main\AndroidManifest.xml:22:9-43
45        android:label="KS Project"
45-->src\main\AndroidManifest.xml:21:9-35
46        android:largeHeap="true"
46-->[:flutter_barcode_scanner] AndroidManifest.xml:16:9-33
47        android:networkSecurityConfig="@xml/network_security_config"
47-->src\main\AndroidManifest.xml:23:9-69
48        android:requestLegacyExternalStorage="true"
48-->src\main\AndroidManifest.xml:18:9-52
49        android:theme="@style/Theme.AppCompat.NoActionBar"
49-->[:flutter_barcode_scanner] AndroidManifest.xml:17:9-59
50        android:usesCleartextTraffic="true" >
50-->src\main\AndroidManifest.xml:19:9-44
51        <meta-data
51-->src\main\AndroidManifest.xml:26:9-27:70
52            android:name="com.google.android.geo.API_KEY"
52-->src\main\AndroidManifest.xml:26:20-65
53            android:value="AIzaSyDJMP3QREQLMoDTL_Sb-MCkUjCuNEdo2vw" />
53-->src\main\AndroidManifest.xml:27:13-68
54        <meta-data
54-->src\main\AndroidManifest.xml:28:9-31:15
55            android:name="io.flutter.embedding.android.SplashScreenDrawable"
55-->src\main\AndroidManifest.xml:29:13-77
56            android:resource="@drawable/my_splash" />
56-->src\main\AndroidManifest.xml:30:13-51
57        <meta-data
57-->src\main\AndroidManifest.xml:32:9-33:66
58            android:name="io.flutter.network-policy"
58-->src\main\AndroidManifest.xml:32:20-60
59            android:resource="@xml/network_security_config" />
59-->src\main\AndroidManifest.xml:33:17-64
60
61        <activity
61-->src\main\AndroidManifest.xml:34:9-62:20
62            android:name="com.example.where.MainActivity"
62-->src\main\AndroidManifest.xml:35:13-41
63            android:configChanges="orientation|keyboardHidden|keyboard|screenSize|smallestScreenSize|locale|layoutDirection|fontScale|screenLayout|density|uiMode"
63-->src\main\AndroidManifest.xml:38:13-163
64            android:hardwareAccelerated="true"
64-->src\main\AndroidManifest.xml:39:13-47
65            android:launchMode="singleTop"
65-->src\main\AndroidManifest.xml:36:13-43
66            android:theme="@style/LaunchTheme"
66-->src\main\AndroidManifest.xml:37:13-47
67            android:windowSoftInputMode="adjustResize" >
67-->src\main\AndroidManifest.xml:40:13-55
68
69            <!--
70                 Specifies an Android theme to apply to this Activity as soon as
71                 the Android process has started. This theme is visible to the user
72                 while the Flutter UI initializes. After that, this theme continues
73                 to determine the Window background behind the Flutter UI.
74            -->
75            <meta-data
75-->src\main\AndroidManifest.xml:45:13-48:17
76                android:name="io.flutter.embedding.android.NormalTheme"
76-->src\main\AndroidManifest.xml:46:15-70
77                android:resource="@style/NormalTheme" />
77-->src\main\AndroidManifest.xml:47:15-52
78            <!--
79                 Displays an Android View that continues showing the launch screen
80                 Drawable until Flutter paints its first frame, then this splash
81                 screen fades out. A splash screen is useful to avoid any visual
82                 gap between the end of Android's launch screen and the painting of
83                 Flutter's first frame.
84            -->
85            <meta-data
85-->src\main\AndroidManifest.xml:28:9-31:15
86                android:name="io.flutter.embedding.android.SplashScreenDrawable"
86-->src\main\AndroidManifest.xml:29:13-77
87                android:resource="@drawable/launch_background" />
87-->src\main\AndroidManifest.xml:30:13-51
88
89            <intent-filter>
89-->src\main\AndroidManifest.xml:58:13-61:29
90                <action android:name="android.intent.action.MAIN" />
90-->src\main\AndroidManifest.xml:59:17-68
90-->src\main\AndroidManifest.xml:59:25-66
91
92                <category android:name="android.intent.category.LAUNCHER" />
92-->src\main\AndroidManifest.xml:60:17-76
92-->src\main\AndroidManifest.xml:60:27-74
93            </intent-filter>
94        </activity>
95        <!--
96             Don't delete the meta-data below.
97             This is used by the Flutter tool to generate GeneratedPluginRegistrant.java
98        -->
99        <meta-data
99-->src\main\AndroidManifest.xml:65:9-67:33
100            android:name="flutterEmbedding"
100-->src\main\AndroidManifest.xml:66:13-44
101            android:value="2" />
101-->src\main\AndroidManifest.xml:67:13-30
102
103        <activity android:name="com.amolg.flutterbarcodescanner.BarcodeCaptureActivity" /> <!-- Needs to be explicitly declared on P+ -->
103-->[:flutter_barcode_scanner] AndroidManifest.xml:18:9-91
103-->[:flutter_barcode_scanner] AndroidManifest.xml:18:19-88
104        <uses-library
104-->[com.google.android.gms:play-services-maps:17.0.0] AndroidManifest.xml:33:9-35:40
105            android:name="org.apache.http.legacy"
105-->[com.google.android.gms:play-services-maps:17.0.0] AndroidManifest.xml:34:13-50
106            android:required="false" />
106-->[com.google.android.gms:play-services-maps:17.0.0] AndroidManifest.xml:35:13-37
107
108        <activity
108-->[com.google.android.gms:play-services-base:17.0.0] AndroidManifest.xml:23:9-26:75
109            android:name="com.google.android.gms.common.api.GoogleApiActivity"
109-->[com.google.android.gms:play-services-base:17.0.0] AndroidManifest.xml:24:13-79
110            android:exported="false"
110-->[com.google.android.gms:play-services-base:17.0.0] AndroidManifest.xml:25:13-37
111            android:theme="@android:style/Theme.Translucent.NoTitleBar" />
111-->[com.google.android.gms:play-services-base:17.0.0] AndroidManifest.xml:26:13-72
112
113        <meta-data
113-->[com.google.android.gms:play-services-basement:17.0.0] AndroidManifest.xml:23:9-25:69
114            android:name="com.google.android.gms.version"
114-->[com.google.android.gms:play-services-basement:17.0.0] AndroidManifest.xml:24:13-58
115            android:value="@integer/google_play_services_version" />
115-->[com.google.android.gms:play-services-basement:17.0.0] AndroidManifest.xml:25:13-66
116    </application>
117
118</manifest>